# JRE version: Java(TM) SE Runtime Environment (8.0_141-b15) (build 1.8.0_141-b15)
# Java VM: Java HotSpot(TM) 64-Bit Server VM (25.141-b15 mixed mode windows-amd64 compressed oops)
Heap:
 PSYoungGen      total 18944K, used 2853K [0x00000000eb300000, 0x00000000ec800000, 0x0000000100000000)
  eden space 16384K, 16% used [0x00000000eb300000,0x00000000eb5a1610,0x00000000ec300000)
  from space 2560K, 6% used [0x00000000ec580000,0x00000000ec5a8000,0x00000000ec800000)
  to   space 2560K, 0% used [0x00000000ec300000,0x00000000ec300000,0x00000000ec580000)
 ParOldGen       total 44032K, used 17774K [0x00000000c1800000, 0x00000000c4300000, 0x00000000eb300000)
  object space 44032K, 40% used [0x00000000c1800000,0x00000000c295b870,0x00000000c4300000)
 Metaspace       used 17658K, capacity 17942K, committed 18176K, reserved 1064960K
  class space    used 2155K, capacity 2239K, committed 2304K, reserved 1048576K
GC Heap History (10 events):
Event: 9.162 GC heap before
{Heap before GC invocations=3 (full 0):
 PSYoungGen      total 18944K, used 16578K [0x00000000eb300000, 0x00000000ec800000, 0x0000000100000000)
  eden space 16384K, 85% used [0x00000000eb300000,0x00000000ec0b47f8,0x00000000ec300000)
  from space 2560K, 99% used [0x00000000ec580000,0x00000000ec7fc040,0x00000000ec800000)
  to   space 2560K, 0% used [0x00000000ec300000,0x00000000ec300000,0x00000000ec580000)
 ParOldGen       total 44032K, used 14947K [0x00000000c1800000, 0x00000000c4300000, 0x00000000eb300000)
  object space 44032K, 33% used [0x00000000c1800000,0x00000000c2698db0,0x00000000c4300000)
 Metaspace       used 17352K, capacity 17622K, committed 17920K, reserved 1064960K
  class space    used 2150K, capacity 2239K, committed 2304K, reserved 1048576K
Event: 9.185 GC heap after
Heap after GC invocations=3 (full 0):
 PSYoungGen      total 18944K, used 2528K [0x00000000eb300000, 0x00000000ec800000, 0x0000000100000000)
  eden space 16384K, 0% used [0x00000000eb300000,0x00000000eb300000,0x00000000ec300000)
  from space 2560K, 98% used [0x00000000ec300000,0x00000000ec578090,0x00000000ec580000)
  to   space 2560K, 0% used [0x00000000ec580000,0x00000000ec580000,0x00000000ec800000)
 ParOldGen       total 44032K, used 15205K [0x00000000c1800000, 0x00000000c4300000, 0x00000000eb300000)
  object space 44032K, 34% used [0x00000000c1800000,0x00000000c26d9478,0x00000000c4300000)
 Metaspace       used 17352K, capacity 17622K, committed 17920K, reserved 1064960K
  class space    used 2150K, capacity 2239K, committed 2304K, reserved 1048576K
}
Event: 9.398 GC heap before
{Heap before GC invocations=4 (full 0):
 PSYoungGen      total 18944K, used 17713K [0x00000000eb300000, 0x00000000ec800000, 0x0000000100000000)
  eden space 16384K, 92% used [0x00000000eb300000,0x00000000ec1d4520,0x00000000ec300000)
  from space 2560K, 98% used [0x00000000ec300000,0x00000000ec578090,0x00000000ec580000)
  to   space 2560K, 0% used [0x00000000ec580000,0x00000000ec580000,0x00000000ec800000)
 ParOldGen       total 44032K, used 15205K [0x00000000c1800000, 0x00000000c4300000, 0x00000000eb300000)
  object space 44032K, 34% used [0x00000000c1800000,0x00000000c26d9478,0x00000000c4300000)
 Metaspace       used 17383K, capacity 17686K, committed 17920K, reserved 1064960K
  class space    used 2150K, capacity 2239K, committed 2304K, reserved 1048576K
Event: 9.402 GC heap after
Heap after GC invocations=4 (full 0):
 PSYoungGen      total 18944K, used 2528K [0x00000000eb300000, 0x00000000ec800000, 0x0000000100000000)
  eden space 16384K, 0% used [0x00000000eb300000,0x00000000eb300000,0x00000000ec300000)
  from space 2560K, 98% used [0x00000000ec580000,0x00000000ec7f8050,0x00000000ec800000)
  to   space 2560K, 0% used [0x00000000ec300000,0x00000000ec300000,0x00000000ec580000)
 ParOldGen       total 44032K, used 15253K [0x00000000c1800000, 0x00000000c4300000, 0x00000000eb300000)
  object space 44032K, 34% used [0x00000000c1800000,0x00000000c26e5478,0x00000000c4300000)
 Metaspace       used 17383K, capacity 17686K, committed 17920K, reserved 1064960K
  class space    used 2150K, capacity 2239K, committed 2304K, reserved 1048576K
}
Event: 9.863 GC heap before
{Heap before GC invocations=5 (full 0):
 PSYoungGen      total 18944K, used 17987K [0x00000000eb300000, 0x00000000ec800000, 0x0000000100000000)
  eden space 16384K, 94% used [0x00000000eb300000,0x00000000ec218d68,0x00000000ec300000)
  from space 2560K, 98% used [0x00000000ec580000,0x00000000ec7f8050,0x00000000ec800000)
  to   space 2560K, 0% used [0x00000000ec300000,0x00000000ec300000,0x00000000ec580000)
 ParOldGen       total 44032K, used 15253K [0x00000000c1800000, 0x00000000c4300000, 0x00000000eb300000)
  object space 44032K, 34% used [0x00000000c1800000,0x00000000c26e5478,0x00000000c4300000)
 Metaspace       used 17461K, capacity 17750K, committed 18176K, reserved 1064960K
  class space    used 2150K, capacity 2239K, committed 2304K, reserved 1048576K
Event: 9.874 GC heap after
Heap after GC invocations=5 (full 0):
 PSYoungGen      total 18944K, used 2528K [0x00000000eb300000, 0x00000000ec800000, 0x0000000100000000)
  eden space 16384K, 0% used [0x00000000eb300000,0x00000000eb300000,0x00000000ec300000)
  from space 2560K, 98% used [0x00000000ec300000,0x00000000ec578050,0x00000000ec580000)
  to   space 2560K, 0% used [0x00000000ec580000,0x00000000ec580000,0x00000000ec800000)
 ParOldGen       total 44032K, used 15269K [0x00000000c1800000, 0x00000000c4300000, 0x00000000eb300000)
  object space 44032K, 34% used [0x00000000c1800000,0x00000000c26e9478,0x00000000c4300000)
 Metaspace       used 17461K, capacity 17750K, committed 18176K, reserved 1064960K
  class space    used 2150K, capacity 2239K, committed 2304K, reserved 1048576K
}
Event: 10.155 GC heap before
{Heap before GC invocations=6 (full 0):
 PSYoungGen      total 18944K, used 17539K [0x00000000eb300000, 0x00000000ec800000, 0x0000000100000000)
  eden space 16384K, 91% used [0x00000000eb300000,0x00000000ec1a8ef0,0x00000000ec300000)
  from space 2560K, 98% used [0x00000000ec300000,0x00000000ec578050,0x00000000ec580000)
  to   space 2560K, 0% used [0x00000000ec580000,0x00000000ec580000,0x00000000ec800000)
 ParOldGen       total 44032K, used 15269K [0x00000000c1800000, 0x00000000c4300000, 0x00000000eb300000)
  object space 44032K, 34% used [0x00000000c1800000,0x00000000c26e9478,0x00000000c4300000)
 Metaspace       used 17483K, capacity 17750K, committed 18176K, reserved 1064960K
  class space    used 2150K, capacity 2239K, committed 2304K, reserved 1048576K
Event: 10.160 GC heap after
Heap after GC invocations=6 (full 0):
 PSYoungGen      total 18944K, used 2544K [0x00000000eb300000, 0x00000000ec800000, 0x0000000100000000)
  eden space 16384K, 0% used [0x00000000eb300000,0x00000000eb300000,0x00000000ec300000)
  from space 2560K, 99% used [0x00000000ec580000,0x00000000ec7fc040,0x00000000ec800000)
  to   space 2560K, 0% used [0x00000000ec300000,0x00000000ec300000,0x00000000ec580000)
 ParOldGen       total 44032K, used 15285K [0x00000000c1800000, 0x00000000c4300000, 0x00000000eb300000)
  object space 44032K, 34% used [0x00000000c1800000,0x00000000c26ed478,0x00000000c4300000)
 Metaspace       used 17483K, capacity 17750K, committed 18176K, reserved 1064960K
  class space    used 2150K, capacity 2239K, committed 2304K, reserved 1048576K
}
Event: 11.426 GC heap before
{Heap before GC invocations=7 (full 0):
 PSYoungGen      total 18944K, used 18238K [0x00000000eb300000, 0x00000000ec800000, 0x0000000100000000)
  eden space 16384K, 95% used [0x00000000eb300000,0x00000000ec2539f8,0x00000000ec300000)
  from space 2560K, 99% used [0x00000000ec580000,0x00000000ec7fc040,0x00000000ec800000)
  to   space 2560K, 0% used [0x00000000ec300000,0x00000000ec300000,0x00000000ec580000)
 ParOldGen       total 44032K, used 15285K [0x00000000c1800000, 0x00000000c4300000, 0x00000000eb300000)
  object space 44032K, 34% used [0x00000000c1800000,0x00000000c26ed478,0x00000000c4300000)
 Metaspace       used 17580K, capacity 17878K, committed 18176K, reserved 1064960K
  class space    used 2155K, capacity 2239K, committed 2304K, reserved 1048576K
Event: 11.433 GC heap after
Heap after GC invocations=7 (full 0):
 PSYoungGen      total 18944K, used 224K [0x00000000eb300000, 0x00000000ec800000, 0x0000000100000000)
  eden space 16384K, 0% used [0x00000000eb300000,0x00000000eb300000,0x00000000ec300000)
  from space 2560K, 8% used [0x00000000ec300000,0x00000000ec338000,0x00000000ec580000)
  to   space 2560K, 0% used [0x00000000ec580000,0x00000000ec580000,0x00000000ec800000)
 ParOldGen       total 44032K, used 17678K [0x00000000c1800000, 0x00000000c4300000, 0x00000000eb300000)
  object space 44032K, 40% used [0x00000000c1800000,0x00000000c2943860,0x00000000c4300000)
 Metaspace       used 17580K, capacity 17878K, committed 18176K, reserved 1064960K
  class space    used 2155K, capacity 2239K, committed 2304K, reserved 1048576K
}

