# JRE version: Java(TM) SE Runtime Environment (8.0_141-b15) (build 1.8.0_141-b15)
# Java VM: Java HotSpot(TM) 64-Bit Server VM (25.141-b15 mixed mode windows-amd64 compressed oops)
Heap:
 PSYoungGen      total 18944K, used 13515K [0x00000000eb300000, 0x00000000ecc00000, 0x0000000100000000)
  eden space 16384K, 70% used [0x00000000eb300000,0x00000000ebe559c0,0x00000000ec300000)
  from space 2560K, 74% used [0x00000000ec580000,0x00000000ec75d588,0x00000000ec800000)
  to   space 2560K, 0% used [0x00000000ec300000,0x00000000ec300000,0x00000000ec580000)
 ParOldGen       total 32256K, used 8262K [0x00000000c1800000, 0x00000000c3780000, 0x00000000eb300000)
  object space 32256K, 25% used [0x00000000c1800000,0x00000000c2011970,0x00000000c3780000)
 Metaspace       used 16724K, capacity 16988K, committed 17280K, reserved 1067008K
  class space    used 2029K, capacity 2111K, committed 2176K, reserved 1048576K
GC Heap History (6 events):
Event: 1.759 GC heap before
{Heap before GC invocations=1 (full 0):
 PSYoungGen      total 18944K, used 7762K [0x00000000eb300000, 0x00000000ec800000, 0x0000000100000000)
  eden space 16384K, 47% used [0x00000000eb300000,0x00000000eba94bf8,0x00000000ec300000)
  from space 2560K, 0% used [0x00000000ec580000,0x00000000ec580000,0x00000000ec800000)
  to   space 2560K, 0% used [0x00000000ec300000,0x00000000ec300000,0x00000000ec580000)
 ParOldGen       total 44032K, used 0K [0x00000000c1800000, 0x00000000c4300000, 0x00000000eb300000)
  object space 44032K, 0% used [0x00000000c1800000,0x00000000c1800000,0x00000000c4300000)
 Metaspace       used 9670K, capacity 9822K, committed 9856K, reserved 1062912K
  class space    used 1061K, capacity 1124K, committed 1152K, reserved 1048576K
Event: 1.766 GC heap after
Heap after GC invocations=1 (full 0):
 PSYoungGen      total 18944K, used 2401K [0x00000000eb300000, 0x00000000ec800000, 0x0000000100000000)
  eden space 16384K, 0% used [0x00000000eb300000,0x00000000eb300000,0x00000000ec300000)
  from space 2560K, 93% used [0x00000000ec300000,0x00000000ec5585e8,0x00000000ec580000)
  to   space 2560K, 0% used [0x00000000ec580000,0x00000000ec580000,0x00000000ec800000)
 ParOldGen       total 44032K, used 8K [0x00000000c1800000, 0x00000000c4300000, 0x00000000eb300000)
  object space 44032K, 0% used [0x00000000c1800000,0x00000000c1802000,0x00000000c4300000)
 Metaspace       used 9670K, capacity 9822K, committed 9856K, reserved 1062912K
  class space    used 1061K, capacity 1124K, committed 1152K, reserved 1048576K
}
Event: 1.766 GC heap before
{Heap before GC invocations=2 (full 1):
 PSYoungGen      total 18944K, used 2401K [0x00000000eb300000, 0x00000000ec800000, 0x0000000100000000)
  eden space 16384K, 0% used [0x00000000eb300000,0x00000000eb300000,0x00000000ec300000)
  from space 2560K, 93% used [0x00000000ec300000,0x00000000ec5585e8,0x00000000ec580000)
  to   space 2560K, 0% used [0x00000000ec580000,0x00000000ec580000,0x00000000ec800000)
 ParOldGen       total 44032K, used 8K [0x00000000c1800000, 0x00000000c4300000, 0x00000000eb300000)
  object space 44032K, 0% used [0x00000000c1800000,0x00000000c1802000,0x00000000c4300000)
 Metaspace       used 9670K, capacity 9822K, committed 9856K, reserved 1062912K
  class space    used 1061K, capacity 1124K, committed 1152K, reserved 1048576K
Event: 1.793 GC heap after
Heap after GC invocations=2 (full 1):
 PSYoungGen      total 18944K, used 0K [0x00000000eb300000, 0x00000000ec800000, 0x0000000100000000)
  eden space 16384K, 0% used [0x00000000eb300000,0x00000000eb300000,0x00000000ec300000)
  from space 2560K, 0% used [0x00000000ec300000,0x00000000ec300000,0x00000000ec580000)
  to   space 2560K, 0% used [0x00000000ec580000,0x00000000ec580000,0x00000000ec800000)
 ParOldGen       total 32256K, used 2300K [0x00000000c1800000, 0x00000000c3780000, 0x00000000eb300000)
  object space 32256K, 7% used [0x00000000c1800000,0x00000000c1a3f170,0x00000000c3780000)
 Metaspace       used 9670K, capacity 9822K, committed 9856K, reserved 1060864K
  class space    used 1061K, capacity 1124K, committed 1152K, reserved 1048576K
}
Event: 2.848 GC heap before
{Heap before GC invocations=3 (full 1):
 PSYoungGen      total 18944K, used 15506K [0x00000000eb300000, 0x00000000ec800000, 0x0000000100000000)
  eden space 16384K, 94% used [0x00000000eb300000,0x00000000ec224ac8,0x00000000ec300000)
  from space 2560K, 0% used [0x00000000ec300000,0x00000000ec300000,0x00000000ec580000)
  to   space 2560K, 0% used [0x00000000ec580000,0x00000000ec580000,0x00000000ec800000)
 ParOldGen       total 32256K, used 2300K [0x00000000c1800000, 0x00000000c3780000, 0x00000000eb300000)
  object space 32256K, 7% used [0x00000000c1800000,0x00000000c1a3f170,0x00000000c3780000)
 Metaspace       used 16183K, capacity 16378K, committed 16640K, reserved 1064960K
  class space    used 1978K, capacity 2042K, committed 2048K, reserved 1048576K
Event: 2.854 GC heap after
Heap after GC invocations=3 (full 1):
 PSYoungGen      total 18944K, used 1909K [0x00000000eb300000, 0x00000000ecc00000, 0x0000000100000000)
  eden space 16384K, 0% used [0x00000000eb300000,0x00000000eb300000,0x00000000ec300000)
  from space 2560K, 74% used [0x00000000ec580000,0x00000000ec75d588,0x00000000ec800000)
  to   space 2560K, 0% used [0x00000000ec300000,0x00000000ec300000,0x00000000ec580000)
 ParOldGen       total 32256K, used 8262K [0x00000000c1800000, 0x00000000c3780000, 0x00000000eb300000)
  object space 32256K, 25% used [0x00000000c1800000,0x00000000c2011970,0x00000000c3780000)
 Metaspace       used 16183K, capacity 16378K, committed 16640K, reserved 1064960K
  class space    used 1978K, capacity 2042K, committed 2048K, reserved 1048576K
}

