# JRE version: Java(TM) SE Runtime Environment (8.0_141-b15) (build 1.8.0_141-b15)
# Java VM: Java HotSpot(TM) 64-Bit Server VM (25.141-b15 mixed mode windows-amd64 compressed oops)
Heap:
 PSYoungGen      total 18944K, used 636K [0x00000000eb300000, 0x00000000ec800000, 0x0000000100000000)
  eden space 16384K, 3% used [0x00000000eb300000,0x00000000eb39f028,0x00000000ec300000)
  from space 2560K, 0% used [0x00000000ec300000,0x00000000ec300000,0x00000000ec580000)
  to   space 2560K, 0% used [0x00000000ec580000,0x00000000ec580000,0x00000000ec800000)
 ParOldGen       total 44032K, used 11330K [0x00000000c1800000, 0x00000000c4300000, 0x00000000eb300000)
  object space 44032K, 25% used [0x00000000c1800000,0x00000000c2310b50,0x00000000c4300000)
 Metaspace       used 16203K, capacity 16450K, committed 16640K, reserved 1067008K
  class space    used 1982K, capacity 2040K, committed 2048K, reserved 1048576K
GC Heap History (10 events):
Event: 2.348 GC heap before
{Heap before GC invocations=5 (full 2):
 PSYoungGen      total 18944K, used 0K [0x00000000eb300000, 0x00000000ec800000, 0x0000000100000000)
  eden space 16384K, 0% used [0x00000000eb300000,0x00000000eb300000,0x00000000ec300000)
  from space 2560K, 0% used [0x00000000ec300000,0x00000000ec300000,0x00000000ec580000)
  to   space 2560K, 0% used [0x00000000ec580000,0x00000000ec580000,0x00000000ec800000)
 ParOldGen       total 44032K, used 9212K [0x00000000c1800000, 0x00000000c4300000, 0x00000000eb300000)
  object space 44032K, 20% used [0x00000000c1800000,0x00000000c20ff3a8,0x00000000c4300000)
 Metaspace       used 15455K, capacity 15738K, committed 15744K, reserved 1069056K
  class space    used 1850K, capacity 1914K, committed 1920K, reserved 1048576K
Event: 2.398 GC heap after
Heap after GC invocations=5 (full 2):
 PSYoungGen      total 18944K, used 0K [0x00000000eb300000, 0x00000000ec800000, 0x0000000100000000)
  eden space 16384K, 0% used [0x00000000eb300000,0x00000000eb300000,0x00000000ec300000)
  from space 2560K, 0% used [0x00000000ec300000,0x00000000ec300000,0x00000000ec580000)
  to   space 2560K, 0% used [0x00000000ec580000,0x00000000ec580000,0x00000000ec800000)
 ParOldGen       total 44032K, used 8977K [0x00000000c1800000, 0x00000000c4300000, 0x00000000eb300000)
  object space 44032K, 20% used [0x00000000c1800000,0x00000000c20c4768,0x00000000c4300000)
 Metaspace       used 15445K, capacity 15722K, committed 15744K, reserved 1064960K
  class space    used 1847K, capacity 1908K, committed 1920K, reserved 1048576K
}
Event: 2.421 GC heap before
{Heap before GC invocations=6 (full 2):
 PSYoungGen      total 18944K, used 5671K [0x00000000eb300000, 0x00000000ec800000, 0x0000000100000000)
  eden space 16384K, 34% used [0x00000000eb300000,0x00000000eb889f30,0x00000000ec300000)
  from space 2560K, 0% used [0x00000000ec300000,0x00000000ec300000,0x00000000ec580000)
  to   space 2560K, 0% used [0x00000000ec580000,0x00000000ec580000,0x00000000ec800000)
 ParOldGen       total 44032K, used 8977K [0x00000000c1800000, 0x00000000c4300000, 0x00000000eb300000)
  object space 44032K, 20% used [0x00000000c1800000,0x00000000c20c4768,0x00000000c4300000)
 Metaspace       used 15518K, capacity 15762K, committed 15872K, reserved 1069056K
  class space    used 1868K, capacity 1942K, committed 2048K, reserved 1048576K
Event: 2.424 GC heap after
Heap after GC invocations=6 (full 2):
 PSYoungGen      total 18944K, used 2513K [0x00000000eb300000, 0x00000000ec800000, 0x0000000100000000)
  eden space 16384K, 0% used [0x00000000eb300000,0x00000000eb300000,0x00000000ec300000)
  from space 2560K, 98% used [0x00000000ec580000,0x00000000ec7f47f0,0x00000000ec800000)
  to   space 2560K, 0% used [0x00000000ec300000,0x00000000ec300000,0x00000000ec580000)
 ParOldGen       total 44032K, used 13693K [0x00000000c1800000, 0x00000000c4300000, 0x00000000eb300000)
  object space 44032K, 31% used [0x00000000c1800000,0x00000000c255f748,0x00000000c4300000)
 Metaspace       used 15518K, capacity 15762K, committed 15872K, reserved 1069056K
  class space    used 1868K, capacity 1942K, committed 2048K, reserved 1048576K
}
Event: 2.424 GC heap before
{Heap before GC invocations=7 (full 3):
 PSYoungGen      total 18944K, used 2513K [0x00000000eb300000, 0x00000000ec800000, 0x0000000100000000)
  eden space 16384K, 0% used [0x00000000eb300000,0x00000000eb300000,0x00000000ec300000)
  from space 2560K, 98% used [0x00000000ec580000,0x00000000ec7f47f0,0x00000000ec800000)
  to   space 2560K, 0% used [0x00000000ec300000,0x00000000ec300000,0x00000000ec580000)
 ParOldGen       total 44032K, used 13693K [0x00000000c1800000, 0x00000000c4300000, 0x00000000eb300000)
  object space 44032K, 31% used [0x00000000c1800000,0x00000000c255f748,0x00000000c4300000)
 Metaspace       used 15518K, capacity 15762K, committed 15872K, reserved 1069056K
  class space    used 1868K, capacity 1942K, committed 2048K, reserved 1048576K
Event: 2.466 GC heap after
Heap after GC invocations=7 (full 3):
 PSYoungGen      total 18944K, used 0K [0x00000000eb300000, 0x00000000ec800000, 0x0000000100000000)
  eden space 16384K, 0% used [0x00000000eb300000,0x00000000eb300000,0x00000000ec300000)
  from space 2560K, 0% used [0x00000000ec580000,0x00000000ec580000,0x00000000ec800000)
  to   space 2560K, 0% used [0x00000000ec300000,0x00000000ec300000,0x00000000ec580000)
 ParOldGen       total 44032K, used 11362K [0x00000000c1800000, 0x00000000c4300000, 0x00000000eb300000)
  object space 44032K, 25% used [0x00000000c1800000,0x00000000c2318930,0x00000000c4300000)
 Metaspace       used 15518K, capacity 15762K, committed 15872K, reserved 1064960K
  class space    used 1868K, capacity 1942K, committed 2048K, reserved 1048576K
}
Event: 2.466 GC heap before
{Heap before GC invocations=8 (full 3):
 PSYoungGen      total 18944K, used 0K [0x00000000eb300000, 0x00000000ec800000, 0x0000000100000000)
  eden space 16384K, 0% used [0x00000000eb300000,0x00000000eb300000,0x00000000ec300000)
  from space 2560K, 0% used [0x00000000ec580000,0x00000000ec580000,0x00000000ec800000)
  to   space 2560K, 0% used [0x00000000ec300000,0x00000000ec300000,0x00000000ec580000)
 ParOldGen       total 44032K, used 11362K [0x00000000c1800000, 0x00000000c4300000, 0x00000000eb300000)
  object space 44032K, 25% used [0x00000000c1800000,0x00000000c2318930,0x00000000c4300000)
 Metaspace       used 15518K, capacity 15762K, committed 15872K, reserved 1069056K
  class space    used 1868K, capacity 1942K, committed 2048K, reserved 1048576K
Event: 2.467 GC heap after
Heap after GC invocations=8 (full 3):
 PSYoungGen      total 18944K, used 0K [0x00000000eb300000, 0x00000000ec800000, 0x0000000100000000)
  eden space 16384K, 0% used [0x00000000eb300000,0x00000000eb300000,0x00000000ec300000)
  from space 2560K, 0% used [0x00000000ec300000,0x00000000ec300000,0x00000000ec580000)
  to   space 2560K, 0% used [0x00000000ec580000,0x00000000ec580000,0x00000000ec800000)
 ParOldGen       total 44032K, used 11362K [0x00000000c1800000, 0x00000000c4300000, 0x00000000eb300000)
  object space 44032K, 25% used [0x00000000c1800000,0x00000000c2318930,0x00000000c4300000)
 Metaspace       used 15518K, capacity 15762K, committed 15872K, reserved 1069056K
  class space    used 1868K, capacity 1942K, committed 2048K, reserved 1048576K
}
Event: 2.467 GC heap before
{Heap before GC invocations=9 (full 4):
 PSYoungGen      total 18944K, used 0K [0x00000000eb300000, 0x00000000ec800000, 0x0000000100000000)
  eden space 16384K, 0% used [0x00000000eb300000,0x00000000eb300000,0x00000000ec300000)
  from space 2560K, 0% used [0x00000000ec300000,0x00000000ec300000,0x00000000ec580000)
  to   space 2560K, 0% used [0x00000000ec580000,0x00000000ec580000,0x00000000ec800000)
 ParOldGen       total 44032K, used 11362K [0x00000000c1800000, 0x00000000c4300000, 0x00000000eb300000)
  object space 44032K, 25% used [0x00000000c1800000,0x00000000c2318930,0x00000000c4300000)
 Metaspace       used 15518K, capacity 15762K, committed 15872K, reserved 1069056K
  class space    used 1868K, capacity 1942K, committed 2048K, reserved 1048576K
Event: 2.492 GC heap after
Heap after GC invocations=9 (full 4):
 PSYoungGen      total 18944K, used 0K [0x00000000eb300000, 0x00000000ec800000, 0x0000000100000000)
  eden space 16384K, 0% used [0x00000000eb300000,0x00000000eb300000,0x00000000ec300000)
  from space 2560K, 0% used [0x00000000ec300000,0x00000000ec300000,0x00000000ec580000)
  to   space 2560K, 0% used [0x00000000ec580000,0x00000000ec580000,0x00000000ec800000)
 ParOldGen       total 44032K, used 11330K [0x00000000c1800000, 0x00000000c4300000, 0x00000000eb300000)
  object space 44032K, 25% used [0x00000000c1800000,0x00000000c2310b50,0x00000000c4300000)
 Metaspace       used 15518K, capacity 15762K, committed 15872K, reserved 1064960K
  class space    used 1868K, capacity 1942K, committed 2048K, reserved 1048576K
}

