# JRE version: Java(TM) SE Runtime Environment (8.0_141-b15) (build 1.8.0_141-b15)
# Java VM: Java HotSpot(TM) 64-Bit Server VM (25.141-b15 mixed mode windows-amd64 compressed oops)
Heap:
 PSYoungGen      total 18944K, used 2165K [0x00000000eb300000, 0x00000000ed800000, 0x0000000100000000)
  eden space 16384K, 13% used [0x00000000eb300000,0x00000000eb51d6b0,0x00000000ec300000)
  from space 2560K, 0% used [0x00000000ec580000,0x00000000ec580000,0x00000000ec800000)
  to   space 2560K, 0% used [0x00000000ec300000,0x00000000ec300000,0x00000000ec580000)
 ParOldGen       total 44032K, used 11404K [0x00000000c1800000, 0x00000000c4300000, 0x00000000eb300000)
  object space 44032K, 25% used [0x00000000c1800000,0x00000000c23231d8,0x00000000c4300000)
 Metaspace       used 17543K, capacity 17880K, committed 18176K, reserved 1064960K
  class space    used 2158K, capacity 2242K, committed 2304K, reserved 1048576K
GC Heap History (6 events):
Event: 1.263 GC heap before
{Heap before GC invocations=1 (full 0):
 PSYoungGen      total 18944K, used 16384K [0x00000000eb300000, 0x00000000ec800000, 0x0000000100000000)
  eden space 16384K, 100% used [0x00000000eb300000,0x00000000ec300000,0x00000000ec300000)
  from space 2560K, 0% used [0x00000000ec580000,0x00000000ec580000,0x00000000ec800000)
  to   space 2560K, 0% used [0x00000000ec300000,0x00000000ec300000,0x00000000ec580000)
 ParOldGen       total 44032K, used 0K [0x00000000c1800000, 0x00000000c4300000, 0x00000000eb300000)
  object space 44032K, 0% used [0x00000000c1800000,0x00000000c1800000,0x00000000c4300000)
 Metaspace       used 13359K, capacity 13518K, committed 13696K, reserved 1060864K
  class space    used 1531K, capacity 1610K, committed 1664K, reserved 1048576K
Event: 1.275 GC heap after
Heap after GC invocations=1 (full 0):
 PSYoungGen      total 18944K, used 2528K [0x00000000eb300000, 0x00000000ec800000, 0x0000000100000000)
  eden space 16384K, 0% used [0x00000000eb300000,0x00000000eb300000,0x00000000ec300000)
  from space 2560K, 98% used [0x00000000ec300000,0x00000000ec578060,0x00000000ec580000)
  to   space 2560K, 0% used [0x00000000ec580000,0x00000000ec580000,0x00000000ec800000)
 ParOldGen       total 44032K, used 11933K [0x00000000c1800000, 0x00000000c4300000, 0x00000000eb300000)
  object space 44032K, 27% used [0x00000000c1800000,0x00000000c23a77f0,0x00000000c4300000)
 Metaspace       used 13359K, capacity 13518K, committed 13696K, reserved 1060864K
  class space    used 1531K, capacity 1610K, committed 1664K, reserved 1048576K
}
Event: 2.494 GC heap before
{Heap before GC invocations=2 (full 0):
 PSYoungGen      total 18944K, used 18912K [0x00000000eb300000, 0x00000000ec800000, 0x0000000100000000)
  eden space 16384K, 100% used [0x00000000eb300000,0x00000000ec300000,0x00000000ec300000)
  from space 2560K, 98% used [0x00000000ec300000,0x00000000ec578060,0x00000000ec580000)
  to   space 2560K, 0% used [0x00000000ec580000,0x00000000ec580000,0x00000000ec800000)
 ParOldGen       total 44032K, used 11933K [0x00000000c1800000, 0x00000000c4300000, 0x00000000eb300000)
  object space 44032K, 27% used [0x00000000c1800000,0x00000000c23a77f0,0x00000000c4300000)
 Metaspace       used 17436K, capacity 17752K, committed 17920K, reserved 1064960K
  class space    used 2144K, capacity 2242K, committed 2304K, reserved 1048576K
Event: 2.533 GC heap after
Heap after GC invocations=2 (full 0):
 PSYoungGen      total 18944K, used 2544K [0x00000000eb300000, 0x00000000ed800000, 0x0000000100000000)
  eden space 16384K, 0% used [0x00000000eb300000,0x00000000eb300000,0x00000000ec300000)
  from space 2560K, 99% used [0x00000000ec580000,0x00000000ec7fc0b0,0x00000000ec800000)
  to   space 2560K, 0% used [0x00000000ec300000,0x00000000ec300000,0x00000000ec580000)
 ParOldGen       total 44032K, used 29880K [0x00000000c1800000, 0x00000000c4300000, 0x00000000eb300000)
  object space 44032K, 67% used [0x00000000c1800000,0x00000000c352e110,0x00000000c4300000)
 Metaspace       used 17436K, capacity 17752K, committed 17920K, reserved 1064960K
  class space    used 2144K, capacity 2242K, committed 2304K, reserved 1048576K
}
Event: 2.533 GC heap before
{Heap before GC invocations=3 (full 1):
 PSYoungGen      total 18944K, used 2544K [0x00000000eb300000, 0x00000000ed800000, 0x0000000100000000)
  eden space 16384K, 0% used [0x00000000eb300000,0x00000000eb300000,0x00000000ec300000)
  from space 2560K, 99% used [0x00000000ec580000,0x00000000ec7fc0b0,0x00000000ec800000)
  to   space 2560K, 0% used [0x00000000ec300000,0x00000000ec300000,0x00000000ec580000)
 ParOldGen       total 44032K, used 29880K [0x00000000c1800000, 0x00000000c4300000, 0x00000000eb300000)
  object space 44032K, 67% used [0x00000000c1800000,0x00000000c352e110,0x00000000c4300000)
 Metaspace       used 17436K, capacity 17752K, committed 17920K, reserved 1064960K
  class space    used 2144K, capacity 2242K, committed 2304K, reserved 1048576K
Event: 2.570 GC heap after
Heap after GC invocations=3 (full 1):
 PSYoungGen      total 18944K, used 0K [0x00000000eb300000, 0x00000000ed800000, 0x0000000100000000)
  eden space 16384K, 0% used [0x00000000eb300000,0x00000000eb300000,0x00000000ec300000)
  from space 2560K, 0% used [0x00000000ec580000,0x00000000ec580000,0x00000000ec800000)
  to   space 2560K, 0% used [0x00000000ec300000,0x00000000ec300000,0x00000000ec580000)
 ParOldGen       total 44032K, used 11404K [0x00000000c1800000, 0x00000000c4300000, 0x00000000eb300000)
  object space 44032K, 25% used [0x00000000c1800000,0x00000000c23231d8,0x00000000c4300000)
 Metaspace       used 17436K, capacity 17752K, committed 17920K, reserved 1064960K
  class space    used 2144K, capacity 2242K, committed 2304K, reserved 1048576K
}

